<?xml version="1.0" encoding="UTF-8"?>
<!-- Generated by org.testng.reporters.JUnitReportReporter -->
<testsuite hostname="LAPTOP-RN0MHEKV" failures="0" tests="2" name="MavenTestNG.MavenTestNG.loginWorkflow" time="11.868" errors="0" timestamp="2021-04-24T12:34:43 IST" skipped="0">
  <testcase classname="MavenTestNG.MavenTestNG.loginWorkflow" name="loginIntoFacebook1" time="4.410"/>
  <system-out/>
  <testcase classname="MavenTestNG.MavenTestNG.loginWorkflow" name="loginIntoFacebook" time="7.458"/>
  <system-out/>
</testsuite> <!-- MavenTestNG.MavenTestNG.loginWorkflow -->
