<?xml version="1.0" encoding="UTF-8"?>
<!-- Generated by org.testng.reporters.JUnitReportReporter -->
<testsuite hostname="LAPTOP-RN0MHEKV" failures="0" tests="2" name="com.mavenTestNG.tests.loginWorkflow1" time="13.819" errors="0" timestamp="2021-04-24T17:36:30 IST" skipped="0">
  <testcase classname="com.mavenTestNG.tests.loginWorkflow1" name="loginIntoFacebook3" time="8.895"/>
  <system-out/>
  <testcase classname="com.mavenTestNG.tests.loginWorkflow1" name="loginIntoFacebook2" time="4.924"/>
  <system-out/>
</testsuite> <!-- com.mavenTestNG.tests.loginWorkflow1 -->
