<?xml version="1.0" encoding="UTF-8"?>
<!-- Generated by org.testng.reporters.JUnitReportReporter -->
<testsuite hostname="LAPTOP-RN0MHEKV" failures="0" tests="2" name="com.mavenTestNG.tests.loginWorkflow" time="15.893" errors="0" timestamp="2021-04-24T17:37:12 IST" skipped="0">
  <testcase classname="com.mavenTestNG.tests.loginWorkflow" name="loginIntoFacebook1" time="8.098"/>
  <system-out/>
  <testcase classname="com.mavenTestNG.tests.loginWorkflow" name="loginIntoFacebook" time="7.795"/>
  <system-out/>
</testsuite> <!-- com.mavenTestNG.tests.loginWorkflow -->
